<?xml version="1.0" encoding="utf-8"?><testsuites name="pytest tests"><testsuite name="pytest" errors="0" failures="0" skipped="0" tests="23" time="3.705" timestamp="2026-07-17T06:30:52.810320+00:00" hostname="agent-env-b9b055cd-940d-4f52-8238-45cbf7772604"><testcase classname="tests.backend_test" name="test_root_health" time="0.225" /><testcase classname="tests.backend_test.TestAuth" name="test_login_admin_sets_cookie" time="0.319" /><testcase classname="tests.backend_test.TestAuth" name="test_me_requires_auth" time="0.098" /><testcase classname="tests.backend_test.TestAuth" name="test_me_returns_current_user" time="0.361" /><testcase classname="tests.backend_test.TestAuth" name="test_login_invalid" time="0.319" /><testcase classname="tests.backend_test.TestAuth" name="test_register_new_user" time="0.326" /><testcase classname="tests.backend_test.TestAuth" name="test_logout" time="0.408" /><testcase classname="tests.backend_test.TestDevices" name="test_list_devices_seeded" time="0.046" /><testcase classname="tests.backend_test.TestDevices" name="test_create_update_delete_device" time="0.220" /><testcase classname="tests.backend_test.TestMetrics" name="test_overview" time="0.045" /><testcase classname="tests.backend_test.TestMetrics" name="test_traffic_timeseries" time="0.045" /><testcase classname="tests.backend_test.TestMetrics" name="test_device_metrics" time="0.090" /><testcase classname="tests.backend_test.TestAlerts" name="test_list_alerts" time="0.045" /><testcase classname="tests.backend_test.TestAlerts" name="test_filter_unresolved" time="0.083" /><testcase classname="tests.backend_test.TestAlerts" name="test_filter_unacknowledged" time="0.043" /><testcase classname="tests.backend_test.TestAlerts" name="test_ack_and_resolve" time="0.136" /><testcase classname="tests.backend_test" name="test_topology" time="0.047" /><testcase classname="tests.backend_test" name="test_logs" time="0.049" /><testcase classname="tests.backend_test.TestUsers" name="test_list_users_admin" time="0.044" /><testcase classname="tests.backend_test.TestUsers" name="test_update_my_settings" time="0.087" /><testcase classname="tests.backend_test.TestAgents" name="test_create_and_heartbeat" time="0.187" /><testcase classname="tests.backend_test.TestAgents" name="test_install_script" time="0.042" /><testcase classname="tests.backend_test" name="test_viewer_cannot_create_device" time="0.358" /></testsuite></testsuites>